{"level":"info","message":"Current Price: 225.6700"}
{"level":"info","message":"Buy Limit: 223.4133, Sell Limit: 227.9267"}
{"level":"info","message":"Current Balance: $1000.00, Stock Quantity: 0"}
{"level":"info","message":"Updated Balance: $1000.00"}
{"level":"info","message":"Updated Stock Quantity: 0"}
{"level":"info","message":"Total Portfolio Value: $1000.00"}
{"level":"info","message":"Current Price: 225.6700"}
{"level":"info","message":"Buy Limit: 223.4133, Sell Limit: 227.9267"}
{"level":"info","message":"Current Balance: $1000.00, Stock Quantity: 0"}
{"level":"info","message":"Updated Balance: $1000.00"}
{"level":"info","message":"Updated Stock Quantity: 0"}
{"level":"info","message":"Total Portfolio Value: $1000.00"}
{"level":"info","message":"Current Price: 225.6700"}
{"level":"info","message":"Buy Limit: 223.4133, Sell Limit: 227.9267"}
{"level":"info","message":"Current Balance: $1000.00, Stock Quantity: 0"}
{"level":"info","message":"Updated Balance: $1000.00"}
{"level":"info","message":"Updated Stock Quantity: 0"}
{"level":"info","message":"Total Portfolio Value: $1000.00"}
{"level":"info","message":"Current Price: 225.6700"}
{"level":"info","message":"Buy Limit: 223.4133, Sell Limit: 227.9267"}
{"level":"info","message":"Current Balance: $1000.00, Stock Quantity: 0"}
{"level":"info","message":"Updated Balance: $1000.00"}
{"level":"info","message":"Updated Stock Quantity: 0"}
{"level":"info","message":"Total Portfolio Value: $1000.00"}
{"level":"info","message":"Current Price: 225.6700"}
{"level":"info","message":"Buy Limit: 223.4133, Sell Limit: 227.9267"}
{"level":"info","message":"Current Balance: $1000.00, Stock Quantity: 0"}
{"level":"info","message":"Updated Balance: $1000.00"}
{"level":"info","message":"Updated Stock Quantity: 0"}
{"level":"info","message":"Total Portfolio Value: $1000.00"}
{"level":"info","message":"Current Price: 225.6700"}
{"level":"info","message":"Buy Limit: 223.4133, Sell Limit: 227.9267"}
{"level":"info","message":"Current Balance: $1000.00, Stock Quantity: 0"}
{"level":"info","message":"Updated Balance: $1000.00"}
{"level":"info","message":"Updated Stock Quantity: 0"}
{"level":"info","message":"Total Portfolio Value: $1000.00"}
{"level":"info","message":"Current Price: 225.6700"}
{"level":"info","message":"Buy Limit: 223.4133, Sell Limit: 227.9267"}
{"level":"info","message":"Current Balance: $1000.00, Stock Quantity: 0"}
{"level":"info","message":"Updated Balance: $1000.00"}
{"level":"info","message":"Updated Stock Quantity: 0"}
{"level":"info","message":"Total Portfolio Value: $1000.00"}
{"level":"info","message":"Current Price: 225.6700"}
{"level":"info","message":"Buy Limit: 223.4133, Sell Limit: 227.9267"}
{"level":"info","message":"Current Balance: $1000.00, Stock Quantity: 0"}
{"level":"info","message":"Updated Balance: $1000.00"}
{"level":"info","message":"Updated Stock Quantity: 0"}
{"level":"info","message":"Total Portfolio Value: $1000.00"}
{"level":"info","message":"Current Price: 225.6700"}
{"level":"info","message":"Buy Limit: 223.4133, Sell Limit: 227.9267"}
{"level":"info","message":"Current Balance: $1000.00, Stock Quantity: 0"}
{"level":"info","message":"Updated Balance: $1000.00"}
{"level":"info","message":"Updated Stock Quantity: 0"}
{"level":"info","message":"Total Portfolio Value: $1000.00"}
{"level":"info","message":"Current Price: 225.6700"}
{"level":"info","message":"Buy Limit: 223.4133, Sell Limit: 227.9267"}
{"level":"info","message":"Current Balance: $1000.00, Stock Quantity: 0"}
{"level":"info","message":"Updated Balance: $1000.00"}
{"level":"info","message":"Updated Stock Quantity: 0"}
{"level":"info","message":"Total Portfolio Value: $1000.00"}
{"level":"info","message":"Current Price: 225.6700"}
{"level":"info","message":"Buy Limit: 223.4133, Sell Limit: 230.1834"}
{"level":"info","message":"Current Balance: $1000.00, Stock Quantity: 0"}
{"level":"info","message":"No action taken."}
{"level":"info","message":"Updated Balance: $1000.00"}
{"level":"info","message":"Updated Stock Quantity: 0"}
{"level":"info","message":"Total Portfolio Value: $1000.00"}
{"level":"info","message":"Current Price: 225.6700"}
{"level":"info","message":"Buy Limit: 223.4133, Sell Limit: 230.1834"}
{"level":"info","message":"Current Balance: $1000.00, Stock Quantity: 0"}
{"level":"info","message":"No action taken."}
{"level":"info","message":"Updated Balance: $1000.00"}
{"level":"info","message":"Updated Stock Quantity: 0"}
{"level":"info","message":"Total Portfolio Value: $1000.00"}
{"level":"info","message":"Current Price: 225.6700"}
{"level":"info","message":"Buy Limit: 223.4133, Sell Limit: 230.1834"}
{"level":"info","message":"Current Balance: $1000.00, Stock Quantity: 0"}
{"level":"info","message":"No action taken."}
{"level":"info","message":"Updated Balance: $1000.00"}
{"level":"info","message":"Updated Stock Quantity: 0"}
{"level":"info","message":"Total Portfolio Value: $1000.00"}
{"level":"info","message":"Current Price: 225.6700"}
{"level":"info","message":"Buy Limit: 223.4133, Sell Limit: 230.1834"}
{"level":"info","message":"Current Balance: $1000.00, Stock Quantity: 0"}
{"level":"info","message":"No action taken."}
{"level":"info","message":"Updated Balance: $1000.00"}
{"level":"info","message":"Updated Stock Quantity: 0"}
{"level":"info","message":"Total Portfolio Value: $1000.00"}
{"level":"info","message":"Current Price: 225.6700"}
{"level":"info","message":"Buy Limit: 223.4133, Sell Limit: 230.1834"}
{"level":"info","message":"Current Balance: $1000.00, Stock Quantity: 0"}
{"level":"info","message":"No action taken."}
{"level":"info","message":"Updated Balance: $1000.00"}
{"level":"info","message":"Updated Stock Quantity: 0"}
{"level":"info","message":"Total Portfolio Value: $1000.00"}
{"level":"info","message":"Current Price: 225.6700"}
{"level":"info","message":"Buy Limit: 223.4133, Sell Limit: 230.1834"}
{"level":"info","message":"Current Balance: $1000.00, Stock Quantity: 0"}
{"level":"info","message":"No action taken."}
{"level":"info","message":"Updated Balance: $1000.00"}
{"level":"info","message":"Updated Stock Quantity: 0"}
{"level":"info","message":"Total Portfolio Value: $1000.00"}
{"level":"info","message":"Current Price: 225.6700"}
{"level":"info","message":"Buy Limit: 223.4133, Sell Limit: 230.1834"}
{"level":"info","message":"Current Balance: $1000.00, Stock Quantity: 0"}
{"level":"info","message":"No action taken."}
{"level":"info","message":"Updated Balance: $1000.00"}
{"level":"info","message":"Updated Stock Quantity: 0"}
{"level":"info","message":"Total Portfolio Value: $1000.00"}
{"level":"info","message":"Current Price: 225.6700"}
{"level":"info","message":"Buy Limit: 223.4133, Sell Limit: 230.1834"}
{"level":"info","message":"Current Balance: $1000.00, Stock Quantity: 0"}
{"level":"info","message":"No action taken."}
{"level":"info","message":"Updated Balance: $1000.00"}
{"level":"info","message":"Updated Stock Quantity: 0"}
{"level":"info","message":"Total Portfolio Value: $1000.00"}
{"level":"info","message":"Current Price: 225.6700"}
{"level":"info","message":"Buy Limit: 223.4133, Sell Limit: 230.1834"}
{"level":"info","message":"Current Balance: $1000.00, Stock Quantity: 0"}
{"level":"info","message":"No action taken."}
{"level":"info","message":"Updated Balance: $1000.00"}
{"level":"info","message":"Updated Stock Quantity: 0"}
{"level":"info","message":"Total Portfolio Value: $1000.00"}
{"level":"info","message":"Current Price: 225.6700"}
{"level":"info","message":"Buy Limit: 223.4133, Sell Limit: 230.1834"}
{"level":"info","message":"Current Balance: $1000.00, Stock Quantity: 0"}
{"level":"info","message":"No action taken."}
{"level":"info","message":"Updated Balance: $1000.00"}
{"level":"info","message":"Updated Stock Quantity: 0"}
{"level":"info","message":"Total Portfolio Value: $1000.00"}
{"level":"info","message":"Current Price: 225.6700"}
{"level":"info","message":"Buy Limit: 218.8999, Sell Limit: 230.1834"}
{"level":"info","message":"Current Balance: $1000.00, Stock Quantity: 0"}
{"level":"info","message":"No action taken."}
{"level":"info","message":"Updated Balance: $1000.00"}
{"level":"info","message":"Updated Stock Quantity: 0"}
{"level":"info","message":"Total Portfolio Value: $1000.00"}
{"level":"info","message":"Current Price: 225.6700"}
{"level":"info","message":"Buy Limit: 218.8999, Sell Limit: 230.1834"}
{"level":"info","message":"Current Balance: $1000.00, Stock Quantity: 0"}
{"level":"info","message":"No action taken."}
{"level":"info","message":"Updated Balance: $1000.00"}
{"level":"info","message":"Updated Stock Quantity: 0"}
{"level":"info","message":"Total Portfolio Value: $1000.00"}
{"level":"info","message":"Current Price: 225.6700"}
{"level":"info","message":"Buy Limit: 218.8999, Sell Limit: 230.1834"}
{"level":"info","message":"Current Balance: $1000.00, Stock Quantity: 0"}
{"level":"info","message":"No action taken."}
{"level":"info","message":"Updated Balance: $1000.00"}
{"level":"info","message":"Updated Stock Quantity: 0"}
{"level":"info","message":"Total Portfolio Value: $1000.00"}
{"level":"info","message":"Current Price: 225.6700"}
{"level":"info","message":"Buy Limit: 218.8999, Sell Limit: 230.1834"}
{"level":"info","message":"Current Balance: $1000.00, Stock Quantity: 0"}
{"level":"info","message":"No action taken."}
{"level":"info","message":"Updated Balance: $1000.00"}
{"level":"info","message":"Updated Stock Quantity: 0"}
{"level":"info","message":"Total Portfolio Value: $1000.00"}
{"level":"info","message":"Current Price: 225.6700"}
{"level":"info","message":"Buy Limit: 218.8999, Sell Limit: 230.1834"}
{"level":"info","message":"Current Balance: $1000.00, Stock Quantity: 0"}
{"level":"info","message":"No action taken."}
{"level":"info","message":"Updated Balance: $1000.00"}
{"level":"info","message":"Updated Stock Quantity: 0"}
{"level":"info","message":"Total Portfolio Value: $1000.00"}
{"level":"info","message":"Current Price: 225.6700"}
{"level":"info","message":"Buy Limit: 218.8999, Sell Limit: 230.1834"}
{"level":"info","message":"Current Balance: $1000.00, Stock Quantity: 0"}
{"level":"info","message":"No action taken."}
{"level":"info","message":"Updated Balance: $1000.00"}
{"level":"info","message":"Updated Stock Quantity: 0"}
{"level":"info","message":"Total Portfolio Value: $1000.00"}
{"level":"info","message":"Current Price: 225.6700"}
{"level":"info","message":"Buy Limit: 218.8999, Sell Limit: 230.1834"}
{"level":"info","message":"Current Balance: $1000.00, Stock Quantity: 0"}
{"level":"info","message":"No action taken."}
{"level":"info","message":"Updated Balance: $1000.00"}
{"level":"info","message":"Updated Stock Quantity: 0"}
{"level":"info","message":"Total Portfolio Value: $1000.00"}
{"level":"info","message":"Current Price: 225.6700"}
{"level":"info","message":"Buy Limit: 218.8999, Sell Limit: 230.1834"}
{"level":"info","message":"Current Balance: $1000.00, Stock Quantity: 0"}
{"level":"info","message":"No action taken."}
{"level":"info","message":"Updated Balance: $1000.00"}
{"level":"info","message":"Updated Stock Quantity: 0"}
{"level":"info","message":"Total Portfolio Value: $1000.00"}
{"level":"info","message":"Current Price: 225.6700"}
{"level":"info","message":"Buy Limit: 218.8999, Sell Limit: 230.1834"}
{"level":"info","message":"Current Balance: $1000.00, Stock Quantity: 0"}
{"level":"info","message":"No action taken."}
{"level":"info","message":"Updated Balance: $1000.00"}
{"level":"info","message":"Updated Stock Quantity: 0"}
{"level":"info","message":"Total Portfolio Value: $1000.00"}
{"level":"info","message":"Current Price: 225.6700"}
{"level":"info","message":"Buy Limit: 218.8999, Sell Limit: 230.1834"}
{"level":"info","message":"Current Balance: $1000.00, Stock Quantity: 0"}
{"level":"info","message":"No action taken."}
{"level":"info","message":"Updated Balance: $1000.00"}
{"level":"info","message":"Updated Stock Quantity: 0"}
{"level":"info","message":"Total Portfolio Value: $1000.00"}
{"level":"info","message":"Current Price: 225.6700"}
{"level":"info","message":"Buy Limit: 221.1566, Sell Limit: 232.4401"}
{"level":"info","message":"Current Balance: $1000.00, Stock Quantity: 0"}
{"level":"info","message":"No action taken."}
{"level":"info","message":"Updated Balance: $1000.00"}
{"level":"info","message":"Updated Stock Quantity: 0"}
{"level":"info","message":"Total Portfolio Value: $1000.00"}
{"level":"info","message":"Current Price: 225.6700"}
{"level":"info","message":"Buy Limit: 221.1566, Sell Limit: 232.4401"}
{"level":"info","message":"Current Balance: $1000.00, Stock Quantity: 0"}
{"level":"info","message":"No action taken."}
{"level":"info","message":"Updated Balance: $1000.00"}
{"level":"info","message":"Updated Stock Quantity: 0"}
{"level":"info","message":"Total Portfolio Value: $1000.00"}
{"level":"info","message":"Current Price: 225.6700"}
{"level":"info","message":"Buy Limit: 221.1566, Sell Limit: 232.4401"}
{"level":"info","message":"Current Balance: $1000.00, Stock Quantity: 0"}
{"level":"info","message":"No action taken."}
{"level":"info","message":"Updated Balance: $1000.00"}
{"level":"info","message":"Updated Stock Quantity: 0"}
{"level":"info","message":"Total Portfolio Value: $1000.00"}
{"level":"info","message":"Current Price: 225.6700"}
{"level":"info","message":"Buy Limit: 221.1566, Sell Limit: 232.4401"}
{"level":"info","message":"Current Balance: $1000.00, Stock Quantity: 0"}
{"level":"info","message":"No action taken."}
{"level":"info","message":"Updated Balance: $1000.00"}
{"level":"info","message":"Updated Stock Quantity: 0"}
{"level":"info","message":"Total Portfolio Value: $1000.00"}
{"level":"info","message":"Current Price: 225.6700"}
{"level":"info","message":"Buy Limit: 221.1566, Sell Limit: 232.4401"}
{"level":"info","message":"Current Balance: $1000.00, Stock Quantity: 0"}
{"level":"info","message":"No action taken."}
{"level":"info","message":"Updated Balance: $1000.00"}
{"level":"info","message":"Updated Stock Quantity: 0"}
{"level":"info","message":"Total Portfolio Value: $1000.00"}
{"level":"info","message":"Current Price: 225.6700"}
{"level":"info","message":"Buy Limit: 221.1566, Sell Limit: 232.4401"}
{"level":"info","message":"Current Balance: $1000.00, Stock Quantity: 0"}
{"level":"info","message":"No action taken."}
{"level":"info","message":"Updated Balance: $1000.00"}
{"level":"info","message":"Updated Stock Quantity: 0"}
{"level":"info","message":"Total Portfolio Value: $1000.00"}
{"level":"info","message":"Current Price: 225.6700"}
{"level":"info","message":"Buy Limit: 221.1566, Sell Limit: 232.4401"}
{"level":"info","message":"Current Balance: $1000.00, Stock Quantity: 0"}
{"level":"info","message":"No action taken."}
{"level":"info","message":"Updated Balance: $1000.00"}
{"level":"info","message":"Updated Stock Quantity: 0"}
{"level":"info","message":"Total Portfolio Value: $1000.00"}
{"level":"info","message":"Current Price: 225.6700"}
{"level":"info","message":"Buy Limit: 221.1566, Sell Limit: 232.4401"}
{"level":"info","message":"Current Balance: $1000.00, Stock Quantity: 0"}
{"level":"info","message":"No action taken."}
{"level":"info","message":"Updated Balance: $1000.00"}
{"level":"info","message":"Updated Stock Quantity: 0"}
{"level":"info","message":"Total Portfolio Value: $1000.00"}
{"level":"info","message":"Current Price: 225.6700"}
{"level":"info","message":"Buy Limit: 221.1566, Sell Limit: 232.4401"}
{"level":"info","message":"Current Balance: $1000.00, Stock Quantity: 0"}
{"level":"info","message":"No action taken."}
{"level":"info","message":"Updated Balance: $1000.00"}
{"level":"info","message":"Updated Stock Quantity: 0"}
{"level":"info","message":"Total Portfolio Value: $1000.00"}
{"level":"info","message":"Current Price: 225.6700"}
{"level":"info","message":"Buy Limit: 223.4133, Sell Limit: 230.1834"}
{"level":"info","message":"Current Balance: $1000.00, Stock Quantity: 0"}
{"level":"info","message":"No action taken."}
{"level":"info","message":"Updated Balance: $1000.00"}
{"level":"info","message":"Updated Stock Quantity: 0"}
{"level":"info","message":"Total Portfolio Value: $1000.00"}
{"level":"info","message":"Current Price: 225.6700"}
{"level":"info","message":"Buy Limit: 223.4133, Sell Limit: 230.1834"}
{"level":"info","message":"Current Balance: $1000.00, Stock Quantity: 0"}
{"level":"info","message":"No action taken."}
{"level":"info","message":"Updated Balance: $1000.00"}
{"level":"info","message":"Updated Stock Quantity: 0"}
{"level":"info","message":"Total Portfolio Value: $1000.00"}
{"level":"info","message":"Current Price: 225.6700"}
{"level":"info","message":"Buy Limit: 223.4133, Sell Limit: 230.1834"}
{"level":"info","message":"Current Balance: $1000.00, Stock Quantity: 0"}
{"level":"info","message":"No action taken."}
{"level":"info","message":"Updated Balance: $1000.00"}
{"level":"info","message":"Updated Stock Quantity: 0"}
{"level":"info","message":"Total Portfolio Value: $1000.00"}
{"level":"info","message":"Current Price: 225.6700"}
{"level":"info","message":"Buy Limit: 223.4133, Sell Limit: 230.1834"}
{"level":"info","message":"Current Balance: $1000.00, Stock Quantity: 0"}
{"level":"info","message":"No action taken."}
{"level":"info","message":"Updated Balance: $1000.00"}
{"level":"info","message":"Updated Stock Quantity: 0"}
{"level":"info","message":"Total Portfolio Value: $1000.00"}
{"level":"info","message":"Current Price: 225.6700"}
{"level":"info","message":"Buy Limit: 223.4133, Sell Limit: 230.1834"}
{"level":"info","message":"Current Balance: $1000.00, Stock Quantity: 0"}
{"level":"info","message":"No action taken."}
{"level":"info","message":"Updated Balance: $1000.00"}
{"level":"info","message":"Updated Stock Quantity: 0"}
{"level":"info","message":"Total Portfolio Value: $1000.00"}
{"level":"info","message":"Current Price: 225.6700"}
{"level":"info","message":"Buy Limit: 223.4133, Sell Limit: 230.1834"}
{"level":"info","message":"Current Balance: $1000.00, Stock Quantity: 0"}
{"level":"info","message":"No action taken."}
{"level":"info","message":"Updated Balance: $1000.00"}
{"level":"info","message":"Updated Stock Quantity: 0"}
{"level":"info","message":"Total Portfolio Value: $1000.00"}
{"level":"info","message":"Current Price: 225.6700"}
{"level":"info","message":"Buy Limit: 223.4133, Sell Limit: 230.1834"}
{"level":"info","message":"Current Balance: $1000.00, Stock Quantity: 0"}
{"level":"info","message":"No action taken."}
{"level":"info","message":"Updated Balance: $1000.00"}
{"level":"info","message":"Updated Stock Quantity: 0"}
{"level":"info","message":"Total Portfolio Value: $1000.00"}
{"level":"info","message":"Current Price: 225.6700"}
{"level":"info","message":"Buy Limit: 223.4133, Sell Limit: 230.1834"}
{"level":"info","message":"Current Balance: $1000.00, Stock Quantity: 0"}
{"level":"info","message":"No action taken."}
{"level":"info","message":"Updated Balance: $1000.00"}
{"level":"info","message":"Updated Stock Quantity: 0"}
{"level":"info","message":"Total Portfolio Value: $1000.00"}
{"level":"info","message":"Current Price: 225.6700"}
{"level":"info","message":"Buy Limit: 223.4133, Sell Limit: 230.1834"}
{"level":"info","message":"Current Balance: $1000.00, Stock Quantity: 0"}
{"level":"info","message":"No action taken."}
{"level":"info","message":"Updated Balance: $1000.00"}
{"level":"info","message":"Updated Stock Quantity: 0"}
{"level":"info","message":"Total Portfolio Value: $1000.00"}
{"level":"info","message":"Current Price: 225.6700"}
{"level":"info","message":"Buy Limit: 223.4133, Sell Limit: 230.1834"}
{"level":"info","message":"Current Balance: $1000.00, Stock Quantity: 0"}
{"level":"info","message":"No action taken."}
{"level":"info","message":"Updated Balance: $1000.00"}
{"level":"info","message":"Updated Stock Quantity: 0"}
{"level":"info","message":"Total Portfolio Value: $1000.00"}
{"level":"info","message":"Current Price: 225.6700"}
{"level":"info","message":"Buy Limit: 223.4133, Sell Limit: 230.1834"}
{"level":"info","message":"Current Balance: $1000.00, Stock Quantity: 0"}
{"level":"info","message":"No action taken."}
{"level":"info","message":"Updated Balance: $1000.00"}
{"level":"info","message":"Updated Stock Quantity: 0"}
{"level":"info","message":"Total Portfolio Value: $1000.00"}
{"level":"info","message":"Current Price: 225.6700"}
{"level":"info","message":"Buy Limit: 223.4133, Sell Limit: 230.1834"}
{"level":"info","message":"Current Balance: $1000.00, Stock Quantity: 0"}
{"level":"info","message":"No action taken."}
{"level":"info","message":"Updated Balance: $1000.00"}
{"level":"info","message":"Updated Stock Quantity: 0"}
{"level":"info","message":"Total Portfolio Value: $1000.00"}
{"level":"info","message":"Current Price: 225.6700"}
{"level":"info","message":"Buy Limit: 223.4133, Sell Limit: 230.1834"}
{"level":"info","message":"Current Balance: $1000.00, Stock Quantity: 0"}
{"level":"info","message":"No action taken."}
{"level":"info","message":"Updated Balance: $1000.00"}
{"level":"info","message":"Updated Stock Quantity: 0"}
{"level":"info","message":"Total Portfolio Value: $1000.00"}
{"level":"info","message":"Current Price: 225.6700"}
{"level":"info","message":"Buy Limit: 223.4133, Sell Limit: 230.1834"}
{"level":"info","message":"Current Balance: $1000.00, Stock Quantity: 0"}
{"level":"info","message":"No action taken."}
{"level":"info","message":"Updated Balance: $1000.00"}
{"level":"info","message":"Updated Stock Quantity: 0"}
{"level":"info","message":"Total Portfolio Value: $1000.00"}
{"level":"info","message":"Current Price: 225.6700"}
{"level":"info","message":"Buy Limit: 223.4133, Sell Limit: 230.1834"}
{"level":"info","message":"Current Balance: $1000.00, Stock Quantity: 0"}
{"level":"info","message":"No action taken."}
{"level":"info","message":"Updated Balance: $1000.00"}
{"level":"info","message":"Updated Stock Quantity: 0"}
{"level":"info","message":"Total Portfolio Value: $1000.00"}
{"level":"info","message":"Current Price: 225.6700"}
{"level":"info","message":"Buy Limit: 223.4133, Sell Limit: 230.1834"}
{"level":"info","message":"Current Balance: $1000.00, Stock Quantity: 0"}
{"level":"info","message":"No action taken."}
{"level":"info","message":"Updated Balance: $1000.00"}
{"level":"info","message":"Updated Stock Quantity: 0"}
{"level":"info","message":"Total Portfolio Value: $1000.00"}
{"level":"info","message":"Current Price: 225.6700"}
{"level":"info","message":"Buy Limit: 223.4133, Sell Limit: 230.1834"}
{"level":"info","message":"Current Balance: $1000.00, Stock Quantity: 0"}
{"level":"info","message":"No action taken."}
{"level":"info","message":"Updated Balance: $1000.00"}
{"level":"info","message":"Updated Stock Quantity: 0"}
{"level":"info","message":"Total Portfolio Value: $1000.00"}
{"level":"info","message":"Current Price: 225.6700"}
{"level":"info","message":"Buy Limit: 223.4133, Sell Limit: 230.1834"}
{"level":"info","message":"Current Balance: $1000.00, Stock Quantity: 0"}
{"level":"info","message":"No action taken."}
{"level":"info","message":"Updated Balance: $1000.00"}
{"level":"info","message":"Updated Stock Quantity: 0"}
{"level":"info","message":"Total Portfolio Value: $1000.00"}
{"level":"info","message":"Current Price: 225.6700"}
{"level":"info","message":"Buy Limit: 223.4133, Sell Limit: 230.1834"}
{"level":"info","message":"Current Balance: $1000.00, Stock Quantity: 0"}
{"level":"info","message":"No action taken."}
{"level":"info","message":"Updated Balance: $1000.00"}
{"level":"info","message":"Updated Stock Quantity: 0"}
{"level":"info","message":"Total Portfolio Value: $1000.00"}
{"level":"info","message":"Current Price: 225.6700"}
{"level":"info","message":"Buy Limit: 223.4133, Sell Limit: 230.1834"}
{"level":"info","message":"Current Balance: $1000.00, Stock Quantity: 0"}
{"level":"info","message":"No action taken."}
{"level":"info","message":"Updated Balance: $1000.00"}
{"level":"info","message":"Updated Stock Quantity: 0"}
{"level":"info","message":"Total Portfolio Value: $1000.00"}
